Nov 14 2022 04:44:17
{"type":8192,"message":"Return type of Requests_Utility_CaseInsensitiveDictionary::getIterator() should either be compatible with IteratorAggregate::getIterator(): Traversable, or the #[\\ReturnTypeWillChange] attribute should be used to temporarily suppress the notice","file":"C:\\Users\\richa\\Local Sites\\peppys\\app\\public\\wp-includes\\Requests\\Utility\\CaseInsensitiveDictionary.php","line":91}

Nov 14 2022 04:44:17
{"type":8192,"message":"Return type of Pods\\Whatsit::rewind() should either be compatible with Iterator::rewind(): void, or the #[\\ReturnTypeWillChange] attribute should be used to temporarily suppress the notice","file":"C:\\Users\\richa\\Local Sites\\peppys\\app\\public\\wp-content\\plugins\\pods\\src\\Pods\\Whatsit.php","line":299}

Nov 14 2022 04:44:17
{"type":8192,"message":"Return type of Pods\\Whatsit::rewind() should either be compatible with Iterator::rewind(): void, or the #[\\ReturnTypeWillChange] attribute should be used to temporarily suppress the notice","file":"C:\\Users\\richa\\Local Sites\\peppys\\app\\public\\wp-content\\plugins\\pods\\src\\Pods\\Whatsit.php","line":299}

Nov 14 2022 04:44:17
{"type":8192,"message":"Return type of Pods\\Whatsit::rewind() should either be compatible with Iterator::rewind(): void, or the #[\\ReturnTypeWillChange] attribute should be used to temporarily suppress the notice","file":"C:\\Users\\richa\\Local Sites\\peppys\\app\\public\\wp-content\\plugins\\pods\\src\\Pods\\Whatsit.php","line":299}

Nov 14 2022 04:44:18
{"type":8192,"message":"Return type of Pods\\Whatsit::rewind() should either be compatible with Iterator::rewind(): void, or the #[\\ReturnTypeWillChange] attribute should be used to temporarily suppress the notice","file":"C:\\Users\\richa\\Local Sites\\peppys\\app\\public\\wp-content\\plugins\\pods\\src\\Pods\\Whatsit.php","line":299}

Nov 14 2022 04:44:18
{"type":8192,"message":"Return type of Pods\\Whatsit::rewind() should either be compatible with Iterator::rewind(): void, or the #[\\ReturnTypeWillChange] attribute should be used to temporarily suppress the notice","file":"C:\\Users\\richa\\Local Sites\\peppys\\app\\public\\wp-content\\plugins\\pods\\src\\Pods\\Whatsit.php","line":299}

Nov 14 2022 04:44:18
{"type":8192,"message":"Return type of Pods\\Whatsit::rewind() should either be compatible with Iterator::rewind(): void, or the #[\\ReturnTypeWillChange] attribute should be used to temporarily suppress the notice","file":"C:\\Users\\richa\\Local Sites\\peppys\\app\\public\\wp-content\\plugins\\pods\\src\\Pods\\Whatsit.php","line":299}

Nov 14 2022 04:44:21
{"type":8192,"message":"Return type of Pods\\Whatsit::rewind() should either be compatible with Iterator::rewind(): void, or the #[\\ReturnTypeWillChange] attribute should be used to temporarily suppress the notice","file":"C:\\Users\\richa\\Local Sites\\peppys\\app\\public\\wp-content\\plugins\\pods\\src\\Pods\\Whatsit.php","line":299}

Nov 14 2022 04:44:25
{"type":8192,"message":"Return type of Pods\\Whatsit::rewind() should either be compatible with Iterator::rewind(): void, or the #[\\ReturnTypeWillChange] attribute should be used to temporarily suppress the notice","file":"C:\\Users\\richa\\Local Sites\\peppys\\app\\public\\wp-content\\plugins\\pods\\src\\Pods\\Whatsit.php","line":299}

Nov 14 2022 04:44:25
{"type":8192,"message":"Return type of Pods\\Whatsit::rewind() should either be compatible with Iterator::rewind(): void, or the #[\\ReturnTypeWillChange] attribute should be used to temporarily suppress the notice","file":"C:\\Users\\richa\\Local Sites\\peppys\\app\\public\\wp-content\\plugins\\pods\\src\\Pods\\Whatsit.php","line":299}

Nov 14 2022 04:44:25
{"type":8192,"message":"Return type of Pods\\Whatsit::rewind() should either be compatible with Iterator::rewind(): void, or the #[\\ReturnTypeWillChange] attribute should be used to temporarily suppress the notice","file":"C:\\Users\\richa\\Local Sites\\peppys\\app\\public\\wp-content\\plugins\\pods\\src\\Pods\\Whatsit.php","line":299}

Nov 14 2022 04:44:26
{"type":8192,"message":"Return type of Pods\\Whatsit::rewind() should either be compatible with Iterator::rewind(): void, or the #[\\ReturnTypeWillChange] attribute should be used to temporarily suppress the notice","file":"C:\\Users\\richa\\Local Sites\\peppys\\app\\public\\wp-content\\plugins\\pods\\src\\Pods\\Whatsit.php","line":299}

Nov 14 2022 04:44:30
{"type":8192,"message":"Return type of Pods\\Whatsit::rewind() should either be compatible with Iterator::rewind(): void, or the #[\\ReturnTypeWillChange] attribute should be used to temporarily suppress the notice","file":"C:\\Users\\richa\\Local Sites\\peppys\\app\\public\\wp-content\\plugins\\pods\\src\\Pods\\Whatsit.php","line":299}

Nov 14 2022 04:44:36
{"type":8192,"message":"Return type of Pods\\Whatsit::rewind() should either be compatible with Iterator::rewind(): void, or the #[\\ReturnTypeWillChange] attribute should be used to temporarily suppress the notice","file":"C:\\Users\\richa\\Local Sites\\peppys\\app\\public\\wp-content\\plugins\\pods\\src\\Pods\\Whatsit.php","line":299}

Nov 14 2022 04:44:37
{"type":8192,"message":"Return type of Pods\\Whatsit::rewind() should either be compatible with Iterator::rewind(): void, or the #[\\ReturnTypeWillChange] attribute should be used to temporarily suppress the notice","file":"C:\\Users\\richa\\Local Sites\\peppys\\app\\public\\wp-content\\plugins\\pods\\src\\Pods\\Whatsit.php","line":299}

Nov 14 2022 04:44:41
{"type":8192,"message":"Return type of Requests_Utility_CaseInsensitiveDictionary::getIterator() should either be compatible with IteratorAggregate::getIterator(): Traversable, or the #[\\ReturnTypeWillChange] attribute should be used to temporarily suppress the notice","file":"C:\\Users\\richa\\Local Sites\\peppys\\app\\public\\wp-includes\\Requests\\Utility\\CaseInsensitiveDictionary.php","line":91}

Nov 14 2022 04:44:42
{"type":8192,"message":"Return type of Pods\\Whatsit::rewind() should either be compatible with Iterator::rewind(): void, or the #[\\ReturnTypeWillChange] attribute should be used to temporarily suppress the notice","file":"C:\\Users\\richa\\Local Sites\\peppys\\app\\public\\wp-content\\plugins\\pods\\src\\Pods\\Whatsit.php","line":299}

Nov 14 2022 04:44:42
{"type":8192,"message":"Return type of Pods\\Whatsit::rewind() should either be compatible with Iterator::rewind(): void, or the #[\\ReturnTypeWillChange] attribute should be used to temporarily suppress the notice","file":"C:\\Users\\richa\\Local Sites\\peppys\\app\\public\\wp-content\\plugins\\pods\\src\\Pods\\Whatsit.php","line":299}

Nov 14 2022 04:44:42
{"Number":8192,"Message":"rtrim(): Passing null to parameter #1 ($string) of type string is deprecated","File":"C:\\Users\\richa\\Local Sites\\peppys\\app\\public\\wp-includes\\formatting.php","Line":2783}

Nov 14 2022 04:44:42
{"Number":8192,"Message":"rtrim(): Passing null to parameter #1 ($string) of type string is deprecated","File":"C:\\Users\\richa\\Local Sites\\peppys\\app\\public\\wp-includes\\formatting.php","Line":2783}

Nov 14 2022 04:44:42
{"Number":8192,"Message":"rtrim(): Passing null to parameter #1 ($string) of type string is deprecated","File":"C:\\Users\\richa\\Local Sites\\peppys\\app\\public\\wp-includes\\formatting.php","Line":2783}

Nov 14 2022 04:44:42
{"Number":8192,"Message":"rtrim(): Passing null to parameter #1 ($string) of type string is deprecated","File":"C:\\Users\\richa\\Local Sites\\peppys\\app\\public\\wp-includes\\formatting.php","Line":2783}

Nov 14 2022 04:44:42
{"Number":8192,"Message":"rtrim(): Passing null to parameter #1 ($string) of type string is deprecated","File":"C:\\Users\\richa\\Local Sites\\peppys\\app\\public\\wp-includes\\formatting.php","Line":2783}

Nov 14 2022 04:44:42
{"Number":8192,"Message":"rtrim(): Passing null to parameter #1 ($string) of type string is deprecated","File":"C:\\Users\\richa\\Local Sites\\peppys\\app\\public\\wp-includes\\formatting.php","Line":2783}

Nov 14 2022 04:44:46
{"type":8192,"message":"Return type of Pods\\Whatsit::rewind() should either be compatible with Iterator::rewind(): void, or the #[\\ReturnTypeWillChange] attribute should be used to temporarily suppress the notice","file":"C:\\Users\\richa\\Local Sites\\peppys\\app\\public\\wp-content\\plugins\\pods\\src\\Pods\\Whatsit.php","line":299}

Nov 14 2022 04:44:47
{"type":8192,"message":"Return type of Requests_Utility_CaseInsensitiveDictionary::getIterator() should either be compatible with IteratorAggregate::getIterator(): Traversable, or the #[\\ReturnTypeWillChange] attribute should be used to temporarily suppress the notice","file":"C:\\Users\\richa\\Local Sites\\peppys\\app\\public\\wp-includes\\Requests\\Utility\\CaseInsensitiveDictionary.php","line":91}

Nov 14 2022 04:44:49
{"type":8192,"message":"Constant FILTER_SANITIZE_STRING is deprecated","file":"C:\\Users\\richa\\Local Sites\\peppys\\app\\public\\wp-content\\plugins\\fakerpress\\src\\functions\\filter.php","line":18}

